2026-01-15 21:32:39 [ERROR] : Error: Testing error.log
    at getUserWishlist (file:///C:/Users/amalk/OneDrive/Desktop/PROJECT/AUTO-MINIMA/Controller/user/userWishlistController.js:176:7)
    at Layer.handle [as handle_request] (C:\Users\amalk\OneDrive\Desktop\PROJECT\AUTO-MINIMA\node_modules\express\lib\router\layer.js:95:5)
    at next (C:\Users\amalk\OneDrive\Desktop\PROJECT\AUTO-MINIMA\node_modules\express\lib\router\route.js:149:13)
    at Route.dispatch (C:\Users\amalk\OneDrive\Desktop\PROJECT\AUTO-MINIMA\node_modules\express\lib\router\route.js:119:3)
    at Layer.handle [as handle_request] (C:\Users\amalk\OneDrive\Desktop\PROJECT\AUTO-MINIMA\node_modules\express\lib\router\layer.js:95:5)
    at C:\Users\amalk\OneDrive\Desktop\PROJECT\AUTO-MINIMA\node_modules\express\lib\router\index.js:284:15
    at Function.process_params (C:\Users\amalk\OneDrive\Desktop\PROJECT\AUTO-MINIMA\node_modules\express\lib\router\index.js:346:12)
    at next (C:\Users\amalk\OneDrive\Desktop\PROJECT\AUTO-MINIMA\node_modules\express\lib\router\index.js:280:10)
    at Function.handle (C:\Users\amalk\OneDrive\Desktop\PROJECT\AUTO-MINIMA\node_modules\express\lib\router\index.js:175:3)
    at router (C:\Users\amalk\OneDrive\Desktop\PROJECT\AUTO-MINIMA\node_modules\express\lib\router\index.js:47:12)
    at Layer.handle [as handle_request] (C:\Users\amalk\OneDrive\Desktop\PROJECT\AUTO-MINIMA\node_modules\express\lib\router\layer.js:95:5)
    at trim_prefix (C:\Users\amalk\OneDrive\Desktop\PROJECT\AUTO-MINIMA\node_modules\express\lib\router\index.js:328:13)
    at C:\Users\amalk\OneDrive\Desktop\PROJECT\AUTO-MINIMA\node_modules\express\lib\router\index.js:286:9
    at Function.process_params (C:\Users\amalk\OneDrive\Desktop\PROJECT\AUTO-MINIMA\node_modules\express\lib\router\index.js:346:12)
    at next (C:\Users\amalk\OneDrive\Desktop\PROJECT\AUTO-MINIMA\node_modules\express\lib\router\index.js:280:10)
    at wishlistCountmiddleware (file:///C:/Users/amalk/OneDrive/Desktop/PROJECT/AUTO-MINIMA/middlewares/cartCount.js:51:5)
2026-01-15 21:33:06 [ERROR] : Error: Testing error.log
    at getUserWishlist (file:///C:/Users/amalk/OneDrive/Desktop/PROJECT/AUTO-MINIMA/Controller/user/userWishlistController.js:176:7)
    at Layer.handle [as handle_request] (C:\Users\amalk\OneDrive\Desktop\PROJECT\AUTO-MINIMA\node_modules\express\lib\router\layer.js:95:5)
    at next (C:\Users\amalk\OneDrive\Desktop\PROJECT\AUTO-MINIMA\node_modules\express\lib\router\route.js:149:13)
    at Route.dispatch (C:\Users\amalk\OneDrive\Desktop\PROJECT\AUTO-MINIMA\node_modules\express\lib\router\route.js:119:3)
    at Layer.handle [as handle_request] (C:\Users\amalk\OneDrive\Desktop\PROJECT\AUTO-MINIMA\node_modules\express\lib\router\layer.js:95:5)
    at C:\Users\amalk\OneDrive\Desktop\PROJECT\AUTO-MINIMA\node_modules\express\lib\router\index.js:284:15
    at Function.process_params (C:\Users\amalk\OneDrive\Desktop\PROJECT\AUTO-MINIMA\node_modules\express\lib\router\index.js:346:12)
    at next (C:\Users\amalk\OneDrive\Desktop\PROJECT\AUTO-MINIMA\node_modules\express\lib\router\index.js:280:10)
    at Function.handle (C:\Users\amalk\OneDrive\Desktop\PROJECT\AUTO-MINIMA\node_modules\express\lib\router\index.js:175:3)
    at router (C:\Users\amalk\OneDrive\Desktop\PROJECT\AUTO-MINIMA\node_modules\express\lib\router\index.js:47:12)
    at Layer.handle [as handle_request] (C:\Users\amalk\OneDrive\Desktop\PROJECT\AUTO-MINIMA\node_modules\express\lib\router\layer.js:95:5)
    at trim_prefix (C:\Users\amalk\OneDrive\Desktop\PROJECT\AUTO-MINIMA\node_modules\express\lib\router\index.js:328:13)
    at C:\Users\amalk\OneDrive\Desktop\PROJECT\AUTO-MINIMA\node_modules\express\lib\router\index.js:286:9
    at Function.process_params (C:\Users\amalk\OneDrive\Desktop\PROJECT\AUTO-MINIMA\node_modules\express\lib\router\index.js:346:12)
    at next (C:\Users\amalk\OneDrive\Desktop\PROJECT\AUTO-MINIMA\node_modules\express\lib\router\index.js:280:10)
    at wishlistCountmiddleware (file:///C:/Users/amalk/OneDrive/Desktop/PROJECT/AUTO-MINIMA/middlewares/cartCount.js:51:5)
2026-01-15 21:34:11 [ERROR] : Error: Testing error.log
    at addToWishlist (file:///C:/Users/amalk/OneDrive/Desktop/PROJECT/AUTO-MINIMA/Controller/user/userWishlistController.js:250:11)
    at Layer.handle [as handle_request] (C:\Users\amalk\OneDrive\Desktop\PROJECT\AUTO-MINIMA\node_modules\express\lib\router\layer.js:95:5)
    at next (C:\Users\amalk\OneDrive\Desktop\PROJECT\AUTO-MINIMA\node_modules\express\lib\router\route.js:149:13)
    at Route.dispatch (C:\Users\amalk\OneDrive\Desktop\PROJECT\AUTO-MINIMA\node_modules\express\lib\router\route.js:119:3)
    at Layer.handle [as handle_request] (C:\Users\amalk\OneDrive\Desktop\PROJECT\AUTO-MINIMA\node_modules\express\lib\router\layer.js:95:5)
    at C:\Users\amalk\OneDrive\Desktop\PROJECT\AUTO-MINIMA\node_modules\express\lib\router\index.js:284:15
    at Function.process_params (C:\Users\amalk\OneDrive\Desktop\PROJECT\AUTO-MINIMA\node_modules\express\lib\router\index.js:346:12)
    at next (C:\Users\amalk\OneDrive\Desktop\PROJECT\AUTO-MINIMA\node_modules\express\lib\router\index.js:280:10)
    at Function.handle (C:\Users\amalk\OneDrive\Desktop\PROJECT\AUTO-MINIMA\node_modules\express\lib\router\index.js:175:3)
    at router (C:\Users\amalk\OneDrive\Desktop\PROJECT\AUTO-MINIMA\node_modules\express\lib\router\index.js:47:12)
    at Layer.handle [as handle_request] (C:\Users\amalk\OneDrive\Desktop\PROJECT\AUTO-MINIMA\node_modules\express\lib\router\layer.js:95:5)
    at trim_prefix (C:\Users\amalk\OneDrive\Desktop\PROJECT\AUTO-MINIMA\node_modules\express\lib\router\index.js:328:13)
    at C:\Users\amalk\OneDrive\Desktop\PROJECT\AUTO-MINIMA\node_modules\express\lib\router\index.js:286:9
    at Function.process_params (C:\Users\amalk\OneDrive\Desktop\PROJECT\AUTO-MINIMA\node_modules\express\lib\router\index.js:346:12)
    at next (C:\Users\amalk\OneDrive\Desktop\PROJECT\AUTO-MINIMA\node_modules\express\lib\router\index.js:280:10)
    at wishlistCountmiddleware (file:///C:/Users/amalk/OneDrive/Desktop/PROJECT/AUTO-MINIMA/middlewares/cartCount.js:51:5)
2026-01-15 23:41:45 [ERROR] : Error: Testing error.log
    at addToWishlist (file:///C:/Users/amalk/OneDrive/Desktop/PROJECT/AUTO-MINIMA/Controller/user/userWishlistController.js:250:11)
    at Layer.handle [as handle_request] (C:\Users\amalk\OneDrive\Desktop\PROJECT\AUTO-MINIMA\node_modules\express\lib\router\layer.js:95:5)
    at next (C:\Users\amalk\OneDrive\Desktop\PROJECT\AUTO-MINIMA\node_modules\express\lib\router\route.js:149:13)
    at Route.dispatch (C:\Users\amalk\OneDrive\Desktop\PROJECT\AUTO-MINIMA\node_modules\express\lib\router\route.js:119:3)
    at Layer.handle [as handle_request] (C:\Users\amalk\OneDrive\Desktop\PROJECT\AUTO-MINIMA\node_modules\express\lib\router\layer.js:95:5)
    at C:\Users\amalk\OneDrive\Desktop\PROJECT\AUTO-MINIMA\node_modules\express\lib\router\index.js:284:15
    at Function.process_params (C:\Users\amalk\OneDrive\Desktop\PROJECT\AUTO-MINIMA\node_modules\express\lib\router\index.js:346:12)
    at next (C:\Users\amalk\OneDrive\Desktop\PROJECT\AUTO-MINIMA\node_modules\express\lib\router\index.js:280:10)
    at Function.handle (C:\Users\amalk\OneDrive\Desktop\PROJECT\AUTO-MINIMA\node_modules\express\lib\router\index.js:175:3)
    at router (C:\Users\amalk\OneDrive\Desktop\PROJECT\AUTO-MINIMA\node_modules\express\lib\router\index.js:47:12)
    at Layer.handle [as handle_request] (C:\Users\amalk\OneDrive\Desktop\PROJECT\AUTO-MINIMA\node_modules\express\lib\router\layer.js:95:5)
    at trim_prefix (C:\Users\amalk\OneDrive\Desktop\PROJECT\AUTO-MINIMA\node_modules\express\lib\router\index.js:328:13)
    at C:\Users\amalk\OneDrive\Desktop\PROJECT\AUTO-MINIMA\node_modules\express\lib\router\index.js:286:9
    at Function.process_params (C:\Users\amalk\OneDrive\Desktop\PROJECT\AUTO-MINIMA\node_modules\express\lib\router\index.js:346:12)
    at next (C:\Users\amalk\OneDrive\Desktop\PROJECT\AUTO-MINIMA\node_modules\express\lib\router\index.js:280:10)
    at wishlistCountmiddleware (file:///C:/Users/amalk/OneDrive/Desktop/PROJECT/AUTO-MINIMA/middlewares/cartCount.js:51:5)
2026-01-15 23:41:55 [ERROR] : Error: Testing error.log
    at addToWishlist (file:///C:/Users/amalk/OneDrive/Desktop/PROJECT/AUTO-MINIMA/Controller/user/userWishlistController.js:250:11)
    at Layer.handle [as handle_request] (C:\Users\amalk\OneDrive\Desktop\PROJECT\AUTO-MINIMA\node_modules\express\lib\router\layer.js:95:5)
    at next (C:\Users\amalk\OneDrive\Desktop\PROJECT\AUTO-MINIMA\node_modules\express\lib\router\route.js:149:13)
    at Route.dispatch (C:\Users\amalk\OneDrive\Desktop\PROJECT\AUTO-MINIMA\node_modules\express\lib\router\route.js:119:3)
    at Layer.handle [as handle_request] (C:\Users\amalk\OneDrive\Desktop\PROJECT\AUTO-MINIMA\node_modules\express\lib\router\layer.js:95:5)
    at C:\Users\amalk\OneDrive\Desktop\PROJECT\AUTO-MINIMA\node_modules\express\lib\router\index.js:284:15
    at Function.process_params (C:\Users\amalk\OneDrive\Desktop\PROJECT\AUTO-MINIMA\node_modules\express\lib\router\index.js:346:12)
    at next (C:\Users\amalk\OneDrive\Desktop\PROJECT\AUTO-MINIMA\node_modules\express\lib\router\index.js:280:10)
    at Function.handle (C:\Users\amalk\OneDrive\Desktop\PROJECT\AUTO-MINIMA\node_modules\express\lib\router\index.js:175:3)
    at router (C:\Users\amalk\OneDrive\Desktop\PROJECT\AUTO-MINIMA\node_modules\express\lib\router\index.js:47:12)
    at Layer.handle [as handle_request] (C:\Users\amalk\OneDrive\Desktop\PROJECT\AUTO-MINIMA\node_modules\express\lib\router\layer.js:95:5)
    at trim_prefix (C:\Users\amalk\OneDrive\Desktop\PROJECT\AUTO-MINIMA\node_modules\express\lib\router\index.js:328:13)
    at C:\Users\amalk\OneDrive\Desktop\PROJECT\AUTO-MINIMA\node_modules\express\lib\router\index.js:286:9
    at Function.process_params (C:\Users\amalk\OneDrive\Desktop\PROJECT\AUTO-MINIMA\node_modules\express\lib\router\index.js:346:12)
    at next (C:\Users\amalk\OneDrive\Desktop\PROJECT\AUTO-MINIMA\node_modules\express\lib\router\index.js:280:10)
    at wishlistCountmiddleware (file:///C:/Users/amalk/OneDrive/Desktop/PROJECT/AUTO-MINIMA/middlewares/cartCount.js:51:5)
